<?xml version="1.0" encoding="UTF-8"?>
<!-- Generated by org.testng.reporters.JUnitReportReporter -->
<testsuite skipped="0" hostname="LAPTOP-SGIBJ7ML" name="org.example.TestRunner.TestRunner" tests="5" failures="0" timestamp="2022-07-16T00:27:51 EET" time="141.029" errors="0">
  <testcase name="runScenario" time="47.012" classname="org.example.TestRunner.TestRunner"/>
  <system-out/>
  <testcase name="runScenario" time="12.162" classname="org.example.TestRunner.TestRunner"/>
  <system-out/>
  <testcase name="runScenario" time="15.986" classname="org.example.TestRunner.TestRunner"/>
  <system-out/>
  <testcase name="runScenario" time="20.396" classname="org.example.TestRunner.TestRunner"/>
  <system-out/>
  <testcase name="runScenario" time="45.473" classname="org.example.TestRunner.TestRunner"/>
  <system-out/>
</testsuite> <!-- org.example.TestRunner.TestRunner -->
